<?xml version="1.0" encoding="UTF-8"?>
<!-- Generated by org.testng.reporters.JUnitXMLReporter -->
<testsuite hostname="LN0C5772E6454B" name="Default test" tests="4" failures="0" timestamp="1 Aug 2018 06:01:13 GMT" time="13.776" errors="0">
  <testcase name="goTo" time="7.608" classname="AutomateJQuerySlider.JQueryUIPageTest"/>
  <testcase name="moveRightBy25" time="0.811" classname="AutomateJQuerySlider.JQueryUIPageTest"/>
  <testcase name="moveLeftBy20" time="0.509" classname="AutomateJQuerySlider.JQueryUIPageTest"/>
  <testcase name="moveRightBy50" time="0.767" classname="AutomateJQuerySlider.JQueryUIPageTest"/>
</testsuite> <!-- Default test -->
